<?xml version="1.0" encoding="UTF-8"?>
<coverage generated="1658871542210" clover="3.2.0">
  <project timestamp="1658871542210" name="All files">
    <metrics statements="32" coveredstatements="32" conditionals="0" coveredconditionals="0" methods="14" coveredmethods="14" elements="46" coveredelements="46" complexity="0" loc="32" ncloc="32" packages="1" files="2" classes="2"/>
    <file name="bank.js" path="/Users/jennieevans/Projects/09_techtests/01_bank_tech_test/bank.js">
      <metrics statements="17" coveredstatements="17" conditionals="0" coveredconditionals="0" methods="5" coveredmethods="5"/>
      <line num="3" count="17" type="stmt"/>
      <line num="4" count="17" type="stmt"/>
      <line num="8" count="17" type="stmt"/>
      <line num="9" count="17" type="stmt"/>
      <line num="10" count="17" type="stmt"/>
      <line num="11" count="17" type="stmt"/>
      <line num="12" count="17" type="stmt"/>
      <line num="16" count="6" type="stmt"/>
      <line num="17" count="6" type="stmt"/>
      <line num="18" count="6" type="stmt"/>
      <line num="19" count="6" type="stmt"/>
      <line num="20" count="6" type="stmt"/>
      <line num="24" count="6" type="stmt"/>
      <line num="28" count="25" type="stmt"/>
      <line num="34" count="25" type="stmt"/>
      <line num="35" count="25" type="stmt"/>
      <line num="39" count="3" type="stmt"/>
    </file>
    <file name="statement.js" path="/Users/jennieevans/Projects/09_techtests/01_bank_tech_test/statement.js">
      <metrics statements="15" coveredstatements="15" conditionals="0" coveredconditionals="0" methods="9" coveredmethods="9"/>
      <line num="1" count="2" type="stmt"/>
      <line num="5" count="9" type="stmt"/>
      <line num="9" count="3" type="stmt"/>
      <line num="13" count="12" type="stmt"/>
      <line num="14" count="7" type="stmt"/>
      <line num="15" count="7" type="stmt"/>
      <line num="16" count="7" type="stmt"/>
      <line num="17" count="7" type="stmt"/>
      <line num="21" count="7" type="stmt"/>
      <line num="22" count="7" type="stmt"/>
      <line num="26" count="7" type="stmt"/>
      <line num="30" count="7" type="stmt"/>
      <line num="34" count="19" type="stmt"/>
      <line num="35" count="7" type="stmt"/>
      <line num="39" count="2" type="stmt"/>
    </file>
  </project>
</coverage>
