<?xml version="1.0" encoding="UTF-8"?>
<coverage generated="1658856266961" clover="3.2.0">
  <project timestamp="1658856266961" name="All files">
    <metrics statements="27" coveredstatements="27" conditionals="4" coveredconditionals="2" methods="11" coveredmethods="11" elements="42" coveredelements="40" complexity="0" loc="27" ncloc="27" packages="1" files="2" classes="2"/>
    <file name="bank.js" path="/Users/jennieevans/Projects/09_techtests/01_bank_tech_test/bank.js">
      <metrics statements="17" coveredstatements="17" conditionals="0" coveredconditionals="0" methods="5" coveredmethods="5"/>
      <line num="3" count="16" type="stmt"/>
      <line num="4" count="16" type="stmt"/>
      <line num="8" count="17" type="stmt"/>
      <line num="9" count="17" type="stmt"/>
      <line num="10" count="17" type="stmt"/>
      <line num="11" count="17" type="stmt"/>
      <line num="12" count="17" type="stmt"/>
      <line num="16" count="6" type="stmt"/>
      <line num="17" count="6" type="stmt"/>
      <line num="18" count="6" type="stmt"/>
      <line num="19" count="6" type="stmt"/>
      <line num="20" count="6" type="stmt"/>
      <line num="24" count="6" type="stmt"/>
      <line num="28" count="25" type="stmt"/>
      <line num="34" count="25" type="stmt"/>
      <line num="35" count="25" type="stmt"/>
      <line num="39" count="3" type="stmt"/>
    </file>
    <file name="statement.js" path="/Users/jennieevans/Projects/09_techtests/01_bank_tech_test/statement.js">
      <metrics statements="10" coveredstatements="10" conditionals="4" coveredconditionals="2" methods="6" coveredmethods="6"/>
      <line num="1" count="2" type="stmt"/>
      <line num="5" count="8" type="stmt"/>
      <line num="9" count="3" type="stmt"/>
      <line num="13" count="13" type="cond" truecount="2" falsecount="2"/>
      <line num="14" count="7" type="stmt"/>
      <line num="15" count="7" type="stmt"/>
      <line num="16" count="7" type="stmt"/>
      <line num="20" count="7" type="stmt"/>
      <line num="24" count="7" type="stmt"/>
      <line num="28" count="2" type="stmt"/>
    </file>
  </project>
</coverage>
