{"/Users/jennieevans/Projects/09_techtests/01_bank_tech_test/bank.js": {"path":"/Users/jennieevans/Projects/09_techtests/01_bank_tech_test/bank.js","statementMap":{"0":{"start":{"line":3,"column":2},"end":{"line":3,"column":18}},"1":{"start":{"line":4,"column":2},"end":{"line":4,"column":24}},"2":{"start":{"line":8,"column":4},"end":{"line":8,"column":24}},"3":{"start":{"line":9,"column":4},"end":{"line":9,"column":20}},"4":{"start":{"line":10,"column":4},"end":{"line":10,"column":18}},"5":{"start":{"line":11,"column":4},"end":{"line":11,"column":31}},"6":{"start":{"line":12,"column":4},"end":{"line":12,"column":26}},"7":{"start":{"line":16,"column":4},"end":{"line":16,"column":22}},"8":{"start":{"line":17,"column":4},"end":{"line":17,"column":20}},"9":{"start":{"line":18,"column":4},"end":{"line":18,"column":19}},"10":{"start":{"line":19,"column":4},"end":{"line":19,"column":30}},"11":{"start":{"line":20,"column":4},"end":{"line":20,"column":26}},"12":{"start":{"line":24,"column":4},"end":{"line":24,"column":23}},"13":{"start":{"line":28,"column":22},"end":{"line":33,"column":7}},"14":{"start":{"line":34,"column":4},"end":{"line":34,"column":40}},"15":{"start":{"line":35,"column":4},"end":{"line":35,"column":22}},"16":{"start":{"line":39,"column":0},"end":{"line":39,"column":28}}},"fnMap":{"0":{"name":"(anonymous_0)","decl":{"start":{"line":2,"column":2},"end":{"line":2,"column":3}},"loc":{"start":{"line":2,"column":16},"end":{"line":5,"column":3}},"line":2},"1":{"name":"(anonymous_1)","decl":{"start":{"line":7,"column":2},"end":{"line":7,"column":3}},"loc":{"start":{"line":7,"column":28},"end":{"line":13,"column":3}},"line":7},"2":{"name":"(anonymous_2)","decl":{"start":{"line":15,"column":2},"end":{"line":15,"column":3}},"loc":{"start":{"line":15,"column":30},"end":{"line":21,"column":3}},"line":15},"3":{"name":"(anonymous_3)","decl":{"start":{"line":23,"column":2},"end":{"line":23,"column":3}},"loc":{"start":{"line":23,"column":15},"end":{"line":25,"column":3}},"line":23},"4":{"name":"(anonymous_4)","decl":{"start":{"line":27,"column":2},"end":{"line":27,"column":3}},"loc":{"start":{"line":27,"column":19},"end":{"line":36,"column":3}},"line":27}},"branchMap":{},"s":{"0":17,"1":17,"2":17,"3":17,"4":17,"5":17,"6":17,"7":6,"8":6,"9":6,"10":6,"11":6,"12":6,"13":25,"14":25,"15":25,"16":3},"f":{"0":17,"1":17,"2":6,"3":6,"4":25},"b":{},"_coverageSchema":"1a1c01bbd47fc00a2c39e90264f33305004495a9","hash":"dfd4abcee2623f1d8e54976e05f39acde8cac812"}
,"/Users/jennieevans/Projects/09_techtests/01_bank_tech_test/statement.js": {"path":"/Users/jennieevans/Projects/09_techtests/01_bank_tech_test/statement.js","statementMap":{"0":{"start":{"line":1,"column":20},"end":{"line":1,"column":37}},"1":{"start":{"line":5,"column":4},"end":{"line":5,"column":26}},"2":{"start":{"line":9,"column":4},"end":{"line":9,"column":36}},"3":{"start":{"line":13,"column":20},"end":{"line":13,"column":191}},"4":{"start":{"line":13,"column":64},"end":{"line":13,"column":188}},"5":{"start":{"line":14,"column":4},"end":{"line":14,"column":37}},"6":{"start":{"line":15,"column":4},"end":{"line":15,"column":30}},"7":{"start":{"line":16,"column":31},"end":{"line":16,"column":57}},"8":{"start":{"line":17,"column":4},"end":{"line":17,"column":30}},"9":{"start":{"line":21,"column":30},"end":{"line":21,"column":52}},"10":{"start":{"line":22,"column":4},"end":{"line":22,"column":28}},"11":{"start":{"line":26,"column":4},"end":{"line":26,"column":24}},"12":{"start":{"line":30,"column":4},"end":{"line":30,"column":63}},"13":{"start":{"line":34,"column":18},"end":{"line":34,"column":88}},"14":{"start":{"line":34,"column":46},"end":{"line":34,"column":85}},"15":{"start":{"line":35,"column":4},"end":{"line":35,"column":16}},"16":{"start":{"line":39,"column":0},"end":{"line":39,"column":26}}},"fnMap":{"0":{"name":"(anonymous_0)","decl":{"start":{"line":4,"column":2},"end":{"line":4,"column":3}},"loc":{"start":{"line":4,"column":23},"end":{"line":6,"column":3}},"line":4},"1":{"name":"(anonymous_1)","decl":{"start":{"line":8,"column":2},"end":{"line":8,"column":3}},"loc":{"start":{"line":8,"column":20},"end":{"line":10,"column":3}},"line":8},"2":{"name":"(anonymous_2)","decl":{"start":{"line":12,"column":2},"end":{"line":12,"column":3}},"loc":{"start":{"line":12,"column":20},"end":{"line":18,"column":3}},"line":12},"3":{"name":"(anonymous_3)","decl":{"start":{"line":13,"column":50},"end":{"line":13,"column":51}},"loc":{"start":{"line":13,"column":62},"end":{"line":13,"column":190}},"line":13},"4":{"name":"(anonymous_4)","decl":{"start":{"line":20,"column":2},"end":{"line":20,"column":3}},"loc":{"start":{"line":20,"column":17},"end":{"line":23,"column":3}},"line":20},"5":{"name":"(anonymous_5)","decl":{"start":{"line":25,"column":2},"end":{"line":25,"column":3}},"loc":{"start":{"line":25,"column":30},"end":{"line":27,"column":3}},"line":25},"6":{"name":"(anonymous_6)","decl":{"start":{"line":29,"column":2},"end":{"line":29,"column":3}},"loc":{"start":{"line":29,"column":23},"end":{"line":31,"column":3}},"line":29},"7":{"name":"(anonymous_7)","decl":{"start":{"line":33,"column":2},"end":{"line":33,"column":3}},"loc":{"start":{"line":33,"column":24},"end":{"line":36,"column":3}},"line":33},"8":{"name":"(anonymous_8)","decl":{"start":{"line":34,"column":32},"end":{"line":34,"column":33}},"loc":{"start":{"line":34,"column":44},"end":{"line":34,"column":87}},"line":34}},"branchMap":{},"s":{"0":2,"1":9,"2":3,"3":7,"4":12,"5":7,"6":7,"7":7,"8":7,"9":7,"10":7,"11":7,"12":7,"13":7,"14":19,"15":7,"16":2},"f":{"0":9,"1":3,"2":7,"3":12,"4":7,"5":7,"6":7,"7":7,"8":19},"b":{},"_coverageSchema":"1a1c01bbd47fc00a2c39e90264f33305004495a9","hash":"4a2b552d0fc0e50f6813efab17522e5ca2341416"}
}
