TN:
SF:bank.js
FN:2,(anonymous_0)
FN:7,(anonymous_1)
FN:15,(anonymous_2)
FN:23,(anonymous_3)
FN:27,(anonymous_4)
FNF:5
FNH:5
FNDA:17,(anonymous_0)
FNDA:17,(anonymous_1)
FNDA:6,(anonymous_2)
FNDA:6,(anonymous_3)
FNDA:25,(anonymous_4)
DA:3,17
DA:4,17
DA:8,17
DA:9,17
DA:10,17
DA:11,17
DA:12,17
DA:16,6
DA:17,6
DA:18,6
DA:19,6
DA:20,6
DA:24,6
DA:28,25
DA:34,25
DA:35,25
DA:39,3
LF:17
LH:17
BRF:0
BRH:0
end_of_record
TN:
SF:statement.js
FN:4,(anonymous_0)
FN:8,(anonymous_1)
FN:12,(anonymous_2)
FN:13,(anonymous_3)
FN:20,(anonymous_4)
FN:25,(anonymous_5)
FN:29,(anonymous_6)
FN:33,(anonymous_7)
FN:34,(anonymous_8)
FNF:9
FNH:9
FNDA:9,(anonymous_0)
FNDA:3,(anonymous_1)
FNDA:7,(anonymous_2)
FNDA:12,(anonymous_3)
FNDA:7,(anonymous_4)
FNDA:7,(anonymous_5)
FNDA:7,(anonymous_6)
FNDA:7,(anonymous_7)
FNDA:19,(anonymous_8)
DA:1,2
DA:5,9
DA:9,3
DA:13,12
DA:14,7
DA:15,7
DA:16,7
DA:17,7
DA:21,7
DA:22,7
DA:26,7
DA:30,7
DA:34,19
DA:35,7
DA:39,2
LF:15
LH:15
BRF:0
BRH:0
end_of_record
