TN:
SF:bank.js
FN:2,(anonymous_0)
FN:7,(anonymous_1)
FN:15,(anonymous_2)
FN:23,(anonymous_3)
FN:27,(anonymous_4)
FNF:5
FNH:5
FNDA:16,(anonymous_0)
FNDA:17,(anonymous_1)
FNDA:6,(anonymous_2)
FNDA:6,(anonymous_3)
FNDA:25,(anonymous_4)
DA:3,16
DA:4,16
DA:8,17
DA:9,17
DA:10,17
DA:11,17
DA:12,17
DA:16,6
DA:17,6
DA:18,6
DA:19,6
DA:20,6
DA:24,6
DA:28,25
DA:34,25
DA:35,25
DA:39,3
LF:17
LH:17
BRF:0
BRH:0
end_of_record
TN:
SF:statement.js
FN:4,(anonymous_0)
FN:8,(anonymous_1)
FN:12,(anonymous_2)
FN:13,(anonymous_3)
FN:19,(anonymous_4)
FN:23,(anonymous_5)
FNF:6
FNH:6
FNDA:8,(anonymous_0)
FNDA:3,(anonymous_1)
FNDA:7,(anonymous_2)
FNDA:13,(anonymous_3)
FNDA:7,(anonymous_4)
FNDA:7,(anonymous_5)
DA:1,2
DA:5,8
DA:9,3
DA:13,13
DA:14,7
DA:15,7
DA:16,7
DA:20,7
DA:24,7
DA:28,2
LF:10
LH:10
BRDA:13,0,0,13
BRDA:13,0,1,0
BRDA:13,1,0,13
BRDA:13,1,1,0
BRF:4
BRH:2
end_of_record
